<?xml version="1.0" encoding="UTF-8"?>
<testsuite xmlns:xsi="http://www.w3.org/2001/XMLSchema-instance" xsi:noNamespaceSchemaLocation="https://maven.apache.org/surefire/maven-surefire-plugin/xsd/surefire-test-report-3.0.xsd" version="3.0" name="TestSuite" time="24.634" tests="1" errors="0" skipped="0" failures="0">
  <properties>
    <property name="java.specification.version" value="16"/>
    <property name="sun.jnu.encoding" value="UTF-8"/>
    <property name="java.class.path" value="/Users/satyamshukla/eclipse-workspace/Simplilearn/target/test-classes:/Users/satyamshukla/eclipse-workspace/Simplilearn/target/classes:/Users/satyamshukla/.m2/repository/org/seleniumhq/selenium/selenium-java/3.141.59/selenium-java-3.141.59.jar:/Users/satyamshukla/.m2/repository/org/seleniumhq/selenium/selenium-api/3.141.59/selenium-api-3.141.59.jar:/Users/satyamshukla/.m2/repository/org/seleniumhq/selenium/selenium-chrome-driver/3.141.59/selenium-chrome-driver-3.141.59.jar:/Users/satyamshukla/.m2/repository/org/seleniumhq/selenium/selenium-edge-driver/3.141.59/selenium-edge-driver-3.141.59.jar:/Users/satyamshukla/.m2/repository/org/seleniumhq/selenium/selenium-firefox-driver/3.141.59/selenium-firefox-driver-3.141.59.jar:/Users/satyamshukla/.m2/repository/org/seleniumhq/selenium/selenium-ie-driver/3.141.59/selenium-ie-driver-3.141.59.jar:/Users/satyamshukla/.m2/repository/org/seleniumhq/selenium/selenium-opera-driver/3.141.59/selenium-opera-driver-3.141.59.jar:/Users/satyamshukla/.m2/repository/org/seleniumhq/selenium/selenium-remote-driver/3.141.59/selenium-remote-driver-3.141.59.jar:/Users/satyamshukla/.m2/repository/org/seleniumhq/selenium/selenium-safari-driver/3.141.59/selenium-safari-driver-3.141.59.jar:/Users/satyamshukla/.m2/repository/org/seleniumhq/selenium/selenium-support/3.141.59/selenium-support-3.141.59.jar:/Users/satyamshukla/.m2/repository/net/bytebuddy/byte-buddy/1.8.15/byte-buddy-1.8.15.jar:/Users/satyamshukla/.m2/repository/org/apache/commons/commons-exec/1.3/commons-exec-1.3.jar:/Users/satyamshukla/.m2/repository/com/google/guava/guava/25.0-jre/guava-25.0-jre.jar:/Users/satyamshukla/.m2/repository/com/google/code/findbugs/jsr305/1.3.9/jsr305-1.3.9.jar:/Users/satyamshukla/.m2/repository/org/checkerframework/checker-compat-qual/2.0.0/checker-compat-qual-2.0.0.jar:/Users/satyamshukla/.m2/repository/com/google/errorprone/error_prone_annotations/2.1.3/error_prone_annotations-2.1.3.jar:/Users/satyamshukla/.m2/repository/com/google/j2objc/j2objc-annotations/1.1/j2objc-annotations-1.1.jar:/Users/satyamshukla/.m2/repository/org/codehaus/mojo/animal-sniffer-annotations/1.14/animal-sniffer-annotations-1.14.jar:/Users/satyamshukla/.m2/repository/com/squareup/okhttp3/okhttp/3.11.0/okhttp-3.11.0.jar:/Users/satyamshukla/.m2/repository/com/squareup/okio/okio/1.14.0/okio-1.14.0.jar:/Users/satyamshukla/.m2/repository/org/testng/testng/7.4.0/testng-7.4.0.jar:/Users/satyamshukla/.m2/repository/com/beust/jcommander/1.78/jcommander-1.78.jar:/Users/satyamshukla/.m2/repository/org/webjars/jquery/3.5.1/jquery-3.5.1.jar:/Users/satyamshukla/.m2/repository/com/relevantcodes/extentreports/2.41.2/extentreports-2.41.2.jar:/Users/satyamshukla/.m2/repository/org/jsoup/jsoup/1.8.3/jsoup-1.8.3.jar:/Users/satyamshukla/.m2/repository/org/xerial/sqlite-jdbc/3.8.11.1/sqlite-jdbc-3.8.11.1.jar:/Users/satyamshukla/.m2/repository/org/freemarker/freemarker/2.3.23/freemarker-2.3.23.jar:/Users/satyamshukla/.m2/repository/org/mongodb/mongodb-driver/3.0.4/mongodb-driver-3.0.4.jar:/Users/satyamshukla/.m2/repository/org/mongodb/bson/3.0.4/bson-3.0.4.jar:/Users/satyamshukla/.m2/repository/org/mongodb/mongodb-driver-core/3.0.4/mongodb-driver-core-3.0.4.jar:/Users/satyamshukla/.m2/repository/org/apache/poi/poi/4.1.2/poi-4.1.2.jar:/Users/satyamshukla/.m2/repository/commons-codec/commons-codec/1.13/commons-codec-1.13.jar:/Users/satyamshukla/.m2/repository/org/apache/commons/commons-collections4/4.4/commons-collections4-4.4.jar:/Users/satyamshukla/.m2/repository/org/apache/commons/commons-math3/3.6.1/commons-math3-3.6.1.jar:/Users/satyamshukla/.m2/repository/com/zaxxer/SparseBitSet/1.2/SparseBitSet-1.2.jar:/Users/satyamshukla/.m2/repository/org/apache/poi/poi-ooxml/4.1.2/poi-ooxml-4.1.2.jar:/Users/satyamshukla/.m2/repository/org/apache/commons/commons-compress/1.19/commons-compress-1.19.jar:/Users/satyamshukla/.m2/repository/com/github/virtuald/curvesapi/1.06/curvesapi-1.06.jar:/Users/satyamshukla/.m2/repository/org/apache/poi/poi-ooxml-schemas/4.1.2/poi-ooxml-schemas-4.1.2.jar:/Users/satyamshukla/.m2/repository/org/apache/xmlbeans/xmlbeans/3.1.0/xmlbeans-3.1.0.jar:"/>
    <property name="java.vm.vendor" value="Homebrew"/>
    <property name="sun.arch.data.model" value="64"/>
    <property name="java.vendor.url" value="https://github.com/Homebrew/homebrew-core/issues"/>
    <property name="user.timezone" value="Asia/Kolkata"/>
    <property name="os.name" value="Mac OS X"/>
    <property name="java.vm.specification.version" value="16"/>
    <property name="sun.java.launcher" value="SUN_STANDARD"/>
    <property name="user.country" value="GB"/>
    <property name="sun.boot.library.path" value="/usr/local/Cellar/openjdk/16.0.1/libexec/openjdk.jdk/Contents/Home/lib"/>
    <property name="sun.java.command" value="/Users/satyamshukla/eclipse-workspace/Simplilearn/target/surefire/surefirebooter11840008903074197134.jar /Users/satyamshukla/eclipse-workspace/Simplilearn/target/surefire 2021-06-27T10-32-37_000-jvmRun1 surefire16835950758855194119tmp surefire_017463307001706431337tmp"/>
    <property name="jdk.debug" value="release"/>
    <property name="surefire.test.class.path" value="/Users/satyamshukla/eclipse-workspace/Simplilearn/target/test-classes:/Users/satyamshukla/eclipse-workspace/Simplilearn/target/classes:/Users/satyamshukla/.m2/repository/org/seleniumhq/selenium/selenium-java/3.141.59/selenium-java-3.141.59.jar:/Users/satyamshukla/.m2/repository/org/seleniumhq/selenium/selenium-api/3.141.59/selenium-api-3.141.59.jar:/Users/satyamshukla/.m2/repository/org/seleniumhq/selenium/selenium-chrome-driver/3.141.59/selenium-chrome-driver-3.141.59.jar:/Users/satyamshukla/.m2/repository/org/seleniumhq/selenium/selenium-edge-driver/3.141.59/selenium-edge-driver-3.141.59.jar:/Users/satyamshukla/.m2/repository/org/seleniumhq/selenium/selenium-firefox-driver/3.141.59/selenium-firefox-driver-3.141.59.jar:/Users/satyamshukla/.m2/repository/org/seleniumhq/selenium/selenium-ie-driver/3.141.59/selenium-ie-driver-3.141.59.jar:/Users/satyamshukla/.m2/repository/org/seleniumhq/selenium/selenium-opera-driver/3.141.59/selenium-opera-driver-3.141.59.jar:/Users/satyamshukla/.m2/repository/org/seleniumhq/selenium/selenium-remote-driver/3.141.59/selenium-remote-driver-3.141.59.jar:/Users/satyamshukla/.m2/repository/org/seleniumhq/selenium/selenium-safari-driver/3.141.59/selenium-safari-driver-3.141.59.jar:/Users/satyamshukla/.m2/repository/org/seleniumhq/selenium/selenium-support/3.141.59/selenium-support-3.141.59.jar:/Users/satyamshukla/.m2/repository/net/bytebuddy/byte-buddy/1.8.15/byte-buddy-1.8.15.jar:/Users/satyamshukla/.m2/repository/org/apache/commons/commons-exec/1.3/commons-exec-1.3.jar:/Users/satyamshukla/.m2/repository/com/google/guava/guava/25.0-jre/guava-25.0-jre.jar:/Users/satyamshukla/.m2/repository/com/google/code/findbugs/jsr305/1.3.9/jsr305-1.3.9.jar:/Users/satyamshukla/.m2/repository/org/checkerframework/checker-compat-qual/2.0.0/checker-compat-qual-2.0.0.jar:/Users/satyamshukla/.m2/repository/com/google/errorprone/error_prone_annotations/2.1.3/error_prone_annotations-2.1.3.jar:/Users/satyamshukla/.m2/repository/com/google/j2objc/j2objc-annotations/1.1/j2objc-annotations-1.1.jar:/Users/satyamshukla/.m2/repository/org/codehaus/mojo/animal-sniffer-annotations/1.14/animal-sniffer-annotations-1.14.jar:/Users/satyamshukla/.m2/repository/com/squareup/okhttp3/okhttp/3.11.0/okhttp-3.11.0.jar:/Users/satyamshukla/.m2/repository/com/squareup/okio/okio/1.14.0/okio-1.14.0.jar:/Users/satyamshukla/.m2/repository/org/testng/testng/7.4.0/testng-7.4.0.jar:/Users/satyamshukla/.m2/repository/com/beust/jcommander/1.78/jcommander-1.78.jar:/Users/satyamshukla/.m2/repository/org/webjars/jquery/3.5.1/jquery-3.5.1.jar:/Users/satyamshukla/.m2/repository/com/relevantcodes/extentreports/2.41.2/extentreports-2.41.2.jar:/Users/satyamshukla/.m2/repository/org/jsoup/jsoup/1.8.3/jsoup-1.8.3.jar:/Users/satyamshukla/.m2/repository/org/xerial/sqlite-jdbc/3.8.11.1/sqlite-jdbc-3.8.11.1.jar:/Users/satyamshukla/.m2/repository/org/freemarker/freemarker/2.3.23/freemarker-2.3.23.jar:/Users/satyamshukla/.m2/repository/org/mongodb/mongodb-driver/3.0.4/mongodb-driver-3.0.4.jar:/Users/satyamshukla/.m2/repository/org/mongodb/bson/3.0.4/bson-3.0.4.jar:/Users/satyamshukla/.m2/repository/org/mongodb/mongodb-driver-core/3.0.4/mongodb-driver-core-3.0.4.jar:/Users/satyamshukla/.m2/repository/org/apache/poi/poi/4.1.2/poi-4.1.2.jar:/Users/satyamshukla/.m2/repository/commons-codec/commons-codec/1.13/commons-codec-1.13.jar:/Users/satyamshukla/.m2/repository/org/apache/commons/commons-collections4/4.4/commons-collections4-4.4.jar:/Users/satyamshukla/.m2/repository/org/apache/commons/commons-math3/3.6.1/commons-math3-3.6.1.jar:/Users/satyamshukla/.m2/repository/com/zaxxer/SparseBitSet/1.2/SparseBitSet-1.2.jar:/Users/satyamshukla/.m2/repository/org/apache/poi/poi-ooxml/4.1.2/poi-ooxml-4.1.2.jar:/Users/satyamshukla/.m2/repository/org/apache/commons/commons-compress/1.19/commons-compress-1.19.jar:/Users/satyamshukla/.m2/repository/com/github/virtuald/curvesapi/1.06/curvesapi-1.06.jar:/Users/satyamshukla/.m2/repository/org/apache/poi/poi-ooxml-schemas/4.1.2/poi-ooxml-schemas-4.1.2.jar:/Users/satyamshukla/.m2/repository/org/apache/xmlbeans/xmlbeans/3.1.0/xmlbeans-3.1.0.jar:"/>
    <property name="sun.cpu.endian" value="little"/>
    <property name="user.home" value="/Users/satyamshukla"/>
    <property name="user.language" value="en"/>
    <property name="java.specification.vendor" value="Oracle Corporation"/>
    <property name="java.version.date" value="2021-04-20"/>
    <property name="java.home" value="/usr/local/Cellar/openjdk/16.0.1/libexec/openjdk.jdk/Contents/Home"/>
    <property name="file.separator" value="/"/>
    <property name="basedir" value="/Users/satyamshukla/eclipse-workspace/Simplilearn"/>
    <property name="java.vm.compressedOopsMode" value="Zero based"/>
    <property name="line.separator" value="&#10;"/>
    <property name="java.vm.specification.vendor" value="Oracle Corporation"/>
    <property name="java.specification.name" value="Java Platform API Specification"/>
    <property name="surefire.real.class.path" value="/Users/satyamshukla/eclipse-workspace/Simplilearn/target/surefire/surefirebooter11840008903074197134.jar"/>
    <property name="sun.management.compiler" value="HotSpot 64-Bit Tiered Compilers"/>
    <property name="java.runtime.version" value="16.0.1+0"/>
    <property name="user.name" value="satyamshukla"/>
    <property name="path.separator" value=":"/>
    <property name="os.version" value="10.15.7"/>
    <property name="java.runtime.name" value="OpenJDK Runtime Environment"/>
    <property name="file.encoding" value="UTF-8"/>
    <property name="java.vm.name" value="OpenJDK 64-Bit Server VM"/>
    <property name="java.vendor.version" value="Homebrew"/>
    <property name="localRepository" value="/Users/satyamshukla/.m2/repository"/>
    <property name="java.vendor.url.bug" value="https://github.com/Homebrew/homebrew-core/issues"/>
    <property name="java.io.tmpdir" value="/var/folders/8f/lg9y8bpj6nx90kvbjhjwpq4w0000gp/T/"/>
    <property name="java.version" value="16.0.1"/>
    <property name="user.dir" value="/Users/satyamshukla/eclipse-workspace/Simplilearn"/>
    <property name="os.arch" value="x86_64"/>
    <property name="java.vm.specification.name" value="Java Virtual Machine Specification"/>
    <property name="java.library.path" value="/Users/satyamshukla/Library/Java/Extensions:/Library/Java/Extensions:/Network/Library/Java/Extensions:/System/Library/Java/Extensions:/usr/lib/java:."/>
    <property name="java.vm.info" value="mixed mode, sharing"/>
    <property name="java.vendor" value="Homebrew"/>
    <property name="java.vm.version" value="16.0.1+0"/>
    <property name="sun.io.unicode.encoding" value="UnicodeBig"/>
    <property name="java.class.version" value="60.0"/>
  </properties>
  <testcase name="test1" classname="test.Logintest" time="8.098">
    <system-err><![CDATA[Starting ChromeDriver 90.0.4430.24 (4c6d850f087da467d926e8eddb76550aed655991-refs/branch-heads/4430@{#429}) on port 28210
Only local connections are allowed.
Please see https://chromedriver.chromium.org/security-considerations for suggestions on keeping ChromeDriver safe.
ChromeDriver was started successfully.
[1624770160.042][WARNING]: This version of ChromeDriver has not been tested with Chrome version 91.
Jun 27, 2021 10:32:40 AM org.openqa.selenium.remote.ProtocolHandshake createSession
INFO: Detected dialect: W3C
]]></system-err>
  </testcase>
</testsuite>