<?xml version="1.0" encoding="UTF-8"?>
<!-- Generated by org.testng.reporters.JUnitReportReporter -->
<testsuite skipped="0" hostname="Administrators-MacBook-Pro.local" name="test.Logintest" tests="1" failures="0" timestamp="2021-06-27T10:00:17 IST" time="21.929" errors="0">
  <testcase name="test1" time="21.929" classname="test.Logintest"/>
  <system-out/>
</testsuite> <!-- test.Logintest -->
