<?xml version="1.0" encoding="UTF-8"?>
<!-- Generated by org.testng.reporters.JUnitReportReporter -->
<testsuite hostname="Administrators-MacBook-Pro.local" failures="0" tests="1" name="test.Logintest" time="19.171" errors="0" timestamp="2021-06-27T10:33:02 IST" skipped="0">
  <testcase classname="test.Logintest" name="test1" time="19.171"/>
  <system-out/>
</testsuite> <!-- test.Logintest -->
